<html>
<body>
<pre>
<h1>Vision Build Log</h1>
<h2>Tool Versions:</h2>
IDE-Version: μVision V5.31.0.0
Copyright (C) 2020 ARM Ltd and ARM Germany GmbH. All rights reserved.
License Information: 1 pear, 1, LIC=SDA0P-M1NRB-LQH0Q-N4HHD-NC0LJ-ZZJ6T
 
Tool Versions:
Toolchain:       MDK-ARM Plus  Version: 5.31.0.0
Toolchain Path:  E:\Keil5 C51\ARM\ARMCC\Bin
C Compiler:      Armcc.exe V5.06 update 6 (build 750)
Assembler:       Armasm.exe V5.06 update 6 (build 750)
Linker/Locator:  ArmLink.exe V5.06 update 6 (build 750)
Library Manager: ArmAr.exe V5.06 update 6 (build 750)
Hex Converter:   FromElf.exe V5.06 update 6 (build 750)
CPU DLL:         SARMCM3.DLL V5.31.0.0
Dialog DLL:      DCM.DLL V1.17.3.0
Target DLL:      STLink\ST-LINKIII-KEIL_SWO.dll V3.0.7.0
Dialog DLL:      TCM.DLL V1.46.0.0
 
<h2>Project:</h2>
C:\Users\pear\Desktop\DJ_A_wheel\MDK-ARM\DJ_A_wheel.uvprojx
Project File Date:  12/15/2025

<h2>Output:</h2>
*** Using Compiler 'V5.06 update 6 (build 750)', folder: 'E:\Keil5 C51\ARM\ARMCC\Bin'
Build target 'DJ_A_wheel'
Note: source file '../Core/Src/system_stm32f4xx.c' - object file renamed from 'DJ_A_wheel\system_stm32f4xx.o' to 'DJ_A_wheel\system_stm32f4xx_1.o'.
compiling pid_tim.c...
../Core/Inc/includes.h(14): warning:  #1-D: last line of file ends without a newline
  #endif
..\Core\Src\pid_tim.c: 1 warning, 0 errors
compiling motor_can.c...
..\Core\Src\motor_can.c(10): error:  #20: identifier "HAL_CAN_RxMsgTypedef" is undefined
  HAL_CAN_RxMsgTypedef can1RxMsg,can2RxMsg; //接受消息结构体
..\Core\Src\motor_can.c(13): error:  #20: identifier "CAN_DATA_t" is undefined
  CAN_DATA_t sendData[4], receiveData[4];
..\Core\Src\motor_can.c(28): error:  #169: expected a declaration
  }
..\Core\Src\motor_can.c(115): warning:  #12-D: parsing restarts here after previous syntax error
  		C620_3.Rxmsg.Angle= ((can1RxData[0] << 8) | can1RxData[1])*360/8192.0f;
..\Core\Src\motor_can.c(116): error:  #77-D: this declaration has no storage class or type specifier
  		C620_3.Rxmsg.Speed= ((can1RxData[2] << 8) | can1RxData[3]);
..\Core\Src\motor_can.c(116): error:  #147: declaration is incompatible with "motor_info_t C620_3"  (declared at line 7)
  		C620_3.Rxmsg.Speed= ((can1RxData[2] << 8) | can1RxData[3]);
..\Core\Src\motor_can.c(116): error:  #65: expected a ";"
  		C620_3.Rxmsg.Speed= ((can1RxData[2] << 8) | can1RxData[3]);
..\Core\Src\motor_can.c(117): error:  #77-D: this declaration has no storage class or type specifier
  		C620_3.Rxmsg.Torque=((can1RxData[4] << 8) | can1RxData[5]);
..\Core\Src\motor_can.c(117): error:  #147: declaration is incompatible with "motor_info_t C620_3"  (declared at line 116)
  		C620_3.Rxmsg.Torque=((can1RxData[4] << 8) | can1RxData[5]);
..\Core\Src\motor_can.c(117): error:  #65: expected a ";"
  		C620_3.Rxmsg.Torque=((can1RxData[4] << 8) | can1RxData[5]);
..\Core\Src\motor_can.c(118): error:  #77-D: this declaration has no storage class or type specifier
  		C620_3.Rxmsg.Temp=can1RxData[6];
..\Core\Src\motor_can.c(118): error:  #147: declaration is incompatible with "motor_info_t C620_3"  (declared at line 117)
  		C620_3.Rxmsg.Temp=can1RxData[6];
..\Core\Src\motor_can.c(118): error:  #65: expected a ";"
  		C620_3.Rxmsg.Temp=can1RxData[6];
..\Core\Src\motor_can.c(119): error:  #77-D: this declaration has no storage class or type specifier
  		flag=1;
..\Core\Src\motor_can.c(120): error:  #169: expected a declaration
  	}
..\Core\Src\motor_can.c(142): warning: At end of source:  #12-D: parsing restarts here after previous syntax error
..\Core\Src\motor_can.c: 2 warnings, 14 errors
compiling tim.c...
compiling stm32f4xx_hal_msp.c...
compiling stm32f4xx_it.c...
compiling gpio.c...
compiling can.c...
compiling remote_control.c...
compiling i2c.c...
compiling main.c...
compiling bsp_rc.c...
compiling usart.c...
compiling car_ctrl.c...
../Core/Inc/includes.h(14): warning:  #1-D: last line of file ends without a newline
  #endif
..\Core\Src\car_ctrl.c: 1 warning, 0 errors
compiling stm32f4xx_hal_rcc.c...
compiling stm32f4xx_hal_can.c...
compiling pid.c...
../Core/Inc/includes.h(14): warning:  #1-D: last line of file ends without a newline
  #endif
..\Core\Src\pid.c: 1 warning, 0 errors
compiling stm32f4xx_hal_gpio.c...
compiling stm32f4xx_hal_flash_ex.c...
compiling stm32f4xx_hal_flash.c...
compiling stm32f4xx_hal_cortex.c...
compiling stm32f4xx_hal_pwr.c...
compiling stm32f4xx_hal_flash_ramfunc.c...
compiling stm32f4xx_hal_dma_ex.c...
compiling stm32f4xx_hal_rcc_ex.c...
compiling stm32f4xx_hal_tim_ex.c...
compiling stm32f4xx_hal_exti.c...
compiling stm32f4xx_hal_dma.c...
compiling stm32f4xx_hal_pwr_ex.c...
compiling stm32f4xx_hal.c...
compiling stm32f4xx_hal_i2c_ex.c...
compiling stm32f4xx_hal_i2c.c...
compiling system_stm32f4xx.c...
compiling stm32f4xx_hal_uart.c...
compiling stm32f4xx_hal_tim.c...
"DJ_A_wheel\DJ_A_wheel.axf" - 14 Error(s), 5 Warning(s).

<h2>Software Packages used:</h2>

Package Vendor: ARM
                http://www.keil.com/pack/ARM.CMSIS.5.7.0.pack
                ARM.CMSIS.5.7.0
                CMSIS (Cortex Microcontroller Software Interface Standard)
   * Component: CORE Version: 5.4.0

Package Vendor: Keil
                https://www.keil.com/pack/Keil.STM32F4xx_DFP.3.1.1.pack
                Keil.STM32F4xx_DFP.3.1.1
                STMicroelectronics STM32F4 Series Device Support

<h2>Collection of Component include folders:</h2>
  .\RTE\_DJ_A_wheel
  E:\Keil5 C51\ARM\PACK\ARM\CMSIS\5.7.0\CMSIS\Core\Include

<h2>Collection of Component Files used:</h2>

   * Component: ARM::CMSIS:CORE:5.4.0
      Include file:  CMSIS\Core\Include\tz_context.h
Target not created.
Build Time Elapsed:  00:00:23
</pre>
</body>
</html>
